<?xml version="1.0" encoding="UTF-8"?>
<!-- Generated by org.testng.reporters.JUnitReportReporter -->
<testsuite hostname="Dell" name="mavenTestNG.TestA" tests="1" failures="0" timestamp="14 Apr 2017 07:49:58 GMT" time="3.163" errors="0">
  <testcase name="testGooglePageTitleInFirefox" time="3.163" classname="mavenTestNG.TestA"/>
</testsuite> <!-- mavenTestNG.TestA -->
