<?xml version="1.0" encoding="UTF-8"?>
<!-- Generated by org.testng.reporters.JUnitReportReporter -->
<testsuite hostname="Dell" name="mavenTestNG.TestB" tests="1" failures="0" timestamp="14 Apr 2017 07:58:03 GMT" time="1.819" errors="0">
  <testcase name="testGooglePageTitleInChrome" time="1.819" classname="mavenTestNG.TestB"/>
</testsuite> <!-- mavenTestNG.TestB -->
