<?xml version="1.0" encoding="UTF-8"?>
<!-- Generated by org.testng.reporters.JUnitReportReporter -->
<testsuite hostname="Dell" name="mavenTestNG.TestA" tests="1" failures="0" timestamp="14 Apr 2017 07:58:03 GMT" time="1.829" errors="0">
  <testcase name="testGooglePageTitleInFirefox" time="1.829" classname="mavenTestNG.TestA"/>
</testsuite> <!-- mavenTestNG.TestA -->
